Oct-10 21:01:58.809 [main] DEBUG nextflow.cli.Launcher - $> nextflow run main.nf --assemblies test_data/rna-spades.fasta --reads test_data/eco.fastq
Oct-10 21:01:59.025 [main] INFO  nextflow.cli.CmdRun - N E X T F L O W  ~  version 19.07.0
Oct-10 21:01:59.059 [main] INFO  nextflow.cli.CmdRun - Launching `main.nf` [cranky_bartik] - revision: af2c23e6d3
Oct-10 21:01:59.087 [main] DEBUG nextflow.config.ConfigBuilder - Found config local: /Users/mhoelzer/git/treat/nextflow.config
Oct-10 21:01:59.092 [main] DEBUG nextflow.config.ConfigBuilder - Parsing config file: /Users/mhoelzer/git/treat/nextflow.config
Oct-10 21:01:59.203 [main] DEBUG nextflow.config.ConfigBuilder - Applying config profile: `standard`
Oct-10 21:02:00.306 [main] DEBUG nextflow.Session - Session uuid: 079ffd40-28ba-47eb-8e64-1193d3fa1eaa
Oct-10 21:02:00.306 [main] DEBUG nextflow.Session - Run name: cranky_bartik
Oct-10 21:02:00.307 [main] DEBUG nextflow.Session - Executor pool size: 4
Oct-10 21:02:00.365 [main] DEBUG nextflow.cli.CmdRun - 
  Version: 19.07.0 build 5106
  Created: 27-07-2019 13:22 UTC (14:22 BST)
  System: Mac OS X 10.14.6
  Runtime: Groovy 2.5.6 on OpenJDK 64-Bit Server VM 1.8.0_152-release-1056-b12
  Encoding: UTF-8 (UTF-8)
  Process: 87270@C02M30TJFH05 [92.242.132.24]
  CPUs: 4 - Mem: 16 GB (17.7 MB) - Swap: 1 GB (998.5 MB)
Oct-10 21:02:00.393 [main] DEBUG nextflow.Session - Work-dir: /tmp/nextflow-work-mhoelzer [Mac OS X]
Oct-10 21:02:00.393 [main] DEBUG nextflow.Session - Script base path does not exist or is not a directory: /Users/mhoelzer/git/treat/bin
Oct-10 21:02:00.833 [main] DEBUG nextflow.Session - Session start invoked
Oct-10 21:02:01.147 [main] DEBUG nextflow.script.ScriptRunner - > Launching execution
Oct-10 21:02:01.193 [main] WARN  nextflow.NextflowMeta$Preview - DSL 2 IS AN EXPERIMENTAL FEATURE UNDER DEVELOPMENT -- SYNTAX MAY CHANGE IN FUTURE RELEASE
Oct-10 21:02:01.931 [main] DEBUG nextflow.script.ProcessConfig - Config settings `withLabel:HISAT2` matches label `HISAT2` for process with name HISAT2
Oct-10 21:02:01.941 [main] DEBUG nextflow.executor.ExecutorFactory - << taskConfig executor: local
Oct-10 21:02:01.941 [main] DEBUG nextflow.executor.ExecutorFactory - >> processorType: 'local'
Oct-10 21:02:01.948 [main] DEBUG nextflow.executor.Executor - [warm up] executor > local
Oct-10 21:02:01.972 [main] DEBUG n.processor.LocalPollingMonitor - Creating local task monitor for executor 'local' > cpus=4; memory=16 GB; capacity=4; pollInterval=100ms; dumpInterval=5m
Oct-10 21:02:02.166 [main] DEBUG nextflow.processor.TaskProcessor - Creating operator > HISAT2 -- maxForks: 4
Oct-10 21:02:02.219 [main] DEBUG nextflow.Session - Ignite dataflow network (2)
Oct-10 21:02:02.269 [main] DEBUG nextflow.script.ScriptRunner - > Await termination 
Oct-10 21:02:02.270 [main] DEBUG nextflow.Session - Session await
Oct-10 21:02:02.688 [Task submitter] DEBUG nextflow.executor.LocalTaskHandler - Launch cmd line: /bin/bash -ue .command.run
Oct-10 21:02:02.706 [Task submitter] INFO  nextflow.Session - [99/dbfd47] Submitted process > HISAT2 (1)
Oct-10 21:02:11.333 [Task monitor] DEBUG n.processor.TaskPollingMonitor - Task completed > TaskHandler[id: 1; name: HISAT2 (1); status: COMPLETED; exit: 0; error: -; workDir: /tmp/nextflow-work-mhoelzer/99/dbfd4742bca9732275b6e1544b3925]
Oct-10 21:02:11.412 [Task monitor] DEBUG n.util.BlockingThreadExecutorFactory - Thread pool name=FileTransfer; maxThreads=12; maxQueueSize=36; keepAlive=1m
Oct-10 21:02:11.430 [main] DEBUG nextflow.Session - Session await > all process finished
Oct-10 21:02:11.439 [main] DEBUG nextflow.Session - Session await > all barriers passed
Oct-10 21:02:11.452 [main] DEBUG nextflow.trace.StatsObserver - Workflow completed > WorkflowStats[succeedCount=1; failedCount=0; ignoredCount=0; cachedCount=0; succeedDuration=33.9s; failedDuration=0ms; cachedDuration=0ms]
Oct-10 21:02:11.651 [main] DEBUG nextflow.CacheDB - Closing CacheDB done
Oct-10 21:02:11.670 [main] DEBUG nextflow.script.ScriptRunner - > Execution complete -- Goodbye
